{"C:\\Users\\adrie\\OneDrive\\Área de Trabalho\\Code\\Projects\\streetchessrecife-nest-ts\\backend\\src\\test\\mocks\\GamesMock.ts": {"path":"C:\\Users\\adrie\\OneDrive\\Área de Trabalho\\Code\\Projects\\streetchessrecife-nest-ts\\backend\\src\\test\\mocks\\GamesMock.ts","statementMap":{"0":{"start":{"line":1,"column":13},"end":{"line":5,"column":null}},"1":{"start":{"line":7,"column":13},"end":{"line":9,"column":null}},"2":{"start":{"line":11,"column":13},"end":{"line":15,"column":null}},"3":{"start":{"line":17,"column":13},"end":{"line":21,"column":null}},"4":{"start":{"line":23,"column":13},"end":{"line":25,"column":null}}},"fnMap":{},"branchMap":{},"s":{"0":2,"1":2,"2":2,"3":2,"4":2},"f":{},"b":{}}
,"C:\\Users\\adrie\\OneDrive\\Área de Trabalho\\Code\\Projects\\streetchessrecife-nest-ts\\backend\\src\\test\\mocks\\PlayerMock.ts": {"path":"C:\\Users\\adrie\\OneDrive\\Área de Trabalho\\Code\\Projects\\streetchessrecife-nest-ts\\backend\\src\\test\\mocks\\PlayerMock.ts","statementMap":{"0":{"start":{"line":1,"column":13},"end":{"line":4,"column":2}},"1":{"start":{"line":6,"column":13},"end":{"line":9,"column":null}},"2":{"start":{"line":11,"column":13},"end":{"line":14,"column":null}},"3":{"start":{"line":16,"column":13},"end":{"line":18,"column":2}},"4":{"start":{"line":20,"column":13},"end":{"line":22,"column":null}}},"fnMap":{},"branchMap":{},"s":{"0":2,"1":2,"2":2,"3":2,"4":2},"f":{},"b":{}}
}
